0 0 0 0 0 0 0 0  0
0 0 0 0 0 0 0 1  1
0 0 0 0 0 0 1 1  2
0 0 0 0 0 0 1 0  3
0 0 0 0 0 1 1 0  4
0 0 0 0 0 1 1 1  5
0 0 0 0 0 1 0 1  6
0 0 0 0 0 1 0 0  7
0 0 0 0 1 1 0 0  8
0 0 0 0 1 1 0 1  9
0 0 0 0 1 1 1 1  10
0 0 0 0 1 1 1 0  11
0 0 0 0 1 0 1 0  12
0 0 0 0 1 0 1 1  13
0 0 0 0 1 0 0 1  14
0 0 0 0 1 0 0 0  15
0 0 0 1 1 0 0 0  16
0 0 0 1 1 0 0 1  17
0 0 0 1 1 0 1 1  18
0 0 0 1 1 0 1 0  19
0 0 0 1 1 1 1 0  20
0 0 0 1 1 1 1 1  21
0 0 0 1 1 1 0 1  22
0 0 0 1 1 1 0 0  23
0 0 0 1 0 1 0 0  24
0 0 0 1 0 1 0 1  25
0 0 0 1 0 1 1 1  26
0 0 0 1 0 1 1 0  27
0 0 0 1 0 0 1 0  28
0 0 0 1 0 0 1 1  29
0 0 0 1 0 0 0 1  30
0 0 0 1 0 0 0 0  31
0 0 1 1 0 0 0 0  32
0 0 1 1 0 0 0 1  33
0 0 1 1 0 0 1 1  34
0 0 1 1 0 0 1 0  35
0 0 1 1 0 1 1 0  36
0 0 1 1 0 1 1 1  37
0 0 1 1 0 1 0 1  38
0 0 1 1 0 1 0 0  39
0 0 1 1 1 1 0 0  40
0 0 1 1 1 1 0 1  41
0 0 1 1 1 1 1 1  42
0 0 1 1 1 1 1 0  43
0 0 1 1 1 0 1 0  44
0 0 1 1 1 0 1 1  45
0 0 1 1 1 0 0 1  46
0 0 1 1 1 0 0 0  47
0 0 1 0 1 0 0 0  48
0 0 1 0 1 0 0 1  49
0 0 1 0 1 0 1 1  50
0 0 1 0 1 0 1 0  51
0 0 1 0 1 1 1 0  52
0 0 1 0 1 1 1 1  53
0 0 1 0 1 1 0 1  54
0 0 1 0 1 1 0 0  55
0 0 1 0 0 1 0 0  56
0 0 1 0 0 1 0 1  57
0 0 1 0 0 1 1 1  58
0 0 1 0 0 1 1 0  59
0 0 1 0 0 0 1 0  60
0 0 1 0 0 0 1 1  61
0 0 1 0 0 0 0 1  62
0 0 1 0 0 0 0 0  63
0 1 1 0 0 0 0 0  64
0 1 1 0 0 0 0 1  65
0 1 1 0 0 0 1 1  66
0 1 1 0 0 0 1 0  67
0 1 1 0 0 1 1 0  68
0 1 1 0 0 1 1 1  69
0 1 1 0 0 1 0 1  70
0 1 1 0 0 1 0 0  71
0 1 1 0 1 1 0 0  72
0 1 1 0 1 1 0 1  73
0 1 1 0 1 1 1 1  74
0 1 1 0 1 1 1 0  75
0 1 1 0 1 0 1 0  76
0 1 1 0 1 0 1 1  77
0 1 1 0 1 0 0 1  78
0 1 1 0 1 0 0 0  79
0 1 1 1 1 0 0 0  80
0 1 1 1 1 0 0 1  81
0 1 1 1 1 0 1 1  82
0 1 1 1 1 0 1 0  83
0 1 1 1 1 1 1 0  84
0 1 1 1 1 1 1 1  85
0 1 1 1 1 1 0 1  86
0 1 1 1 1 1 0 0  87
0 1 1 1 0 1 0 0  88
0 1 1 1 0 1 0 1  89
0 1 1 1 0 1 1 1  90
0 1 1 1 0 1 1 0  91
0 1 1 1 0 0 1 0  92
0 1 1 1 0 0 1 1  93
0 1 1 1 0 0 0 1  94
0 1 1 1 0 0 0 0  95
0 1 0 1 0 0 0 0  96
0 1 0 1 0 0 0 1  97
0 1 0 1 0 0 1 1  98
0 1 0 1 0 0 1 0  99
0 1 0 1 0 1 1 0  100
0 1 0 1 0 1 1 1  101
0 1 0 1 0 1 0 1  102
0 1 0 1 0 1 0 0  103
0 1 0 1 1 1 0 0  104
0 1 0 1 1 1 0 1  105
0 1 0 1 1 1 1 1  106
0 1 0 1 1 1 1 0  107
0 1 0 1 1 0 1 0  108
0 1 0 1 1 0 1 1  109
0 1 0 1 1 0 0 1  110
0 1 0 1 1 0 0 0  111
0 1 0 0 1 0 0 0  112
0 1 0 0 1 0 0 1  113
0 1 0 0 1 0 1 1  114
0 1 0 0 1 0 1 0  115
0 1 0 0 1 1 1 0  116
0 1 0 0 1 1 1 1  117
0 1 0 0 1 1 0 1  118
0 1 0 0 1 1 0 0  119
0 1 0 0 0 1 0 0  120
0 1 0 0 0 1 0 1  121
0 1 0 0 0 1 1 1  122
0 1 0 0 0 1 1 0  123
0 1 0 0 0 0 1 0  124
0 1 0 0 0 0 1 1  125
0 1 0 0 0 0 0 1  126
0 1 0 0 0 0 0 0  127
1 1 0 0 0 0 0 0  128
1 1 0 0 0 0 0 1  129
1 1 0 0 0 0 1 1  130
1 1 0 0 0 0 1 0  131
1 1 0 0 0 1 1 0  132
1 1 0 0 0 1 1 1  133
1 1 0 0 0 1 0 1  134
1 1 0 0 0 1 0 0  135
1 1 0 0 1 1 0 0  136
1 1 0 0 1 1 0 1  137
1 1 0 0 1 1 1 1  138
1 1 0 0 1 1 1 0  139
1 1 0 0 1 0 1 0  140
1 1 0 0 1 0 1 1  141
1 1 0 0 1 0 0 1  142
1 1 0 0 1 0 0 0  143
1 1 0 1 1 0 0 0  144
1 1 0 1 1 0 0 1  145
1 1 0 1 1 0 1 1  146
1 1 0 1 1 0 1 0  147
1 1 0 1 1 1 1 0  148
1 1 0 1 1 1 1 1  149
1 1 0 1 1 1 0 1  150
1 1 0 1 1 1 0 0  151
1 1 0 1 0 1 0 0  152
1 1 0 1 0 1 0 1  153
1 1 0 1 0 1 1 1  154
1 1 0 1 0 1 1 0  155
1 1 0 1 0 0 1 0  156
1 1 0 1 0 0 1 1  157
1 1 0 1 0 0 0 1  158
1 1 0 1 0 0 0 0  159
1 1 1 1 0 0 0 0  160
1 1 1 1 0 0 0 1  161
1 1 1 1 0 0 1 1  162
1 1 1 1 0 0 1 0  163
1 1 1 1 0 1 1 0  164
1 1 1 1 0 1 1 1  165
1 1 1 1 0 1 0 1  166
1 1 1 1 0 1 0 0  167
1 1 1 1 1 1 0 0  168
1 1 1 1 1 1 0 1  169
1 1 1 1 1 1 1 1  170
1 1 1 1 1 1 1 0  171
1 1 1 1 1 0 1 0  172
1 1 1 1 1 0 1 1  173
1 1 1 1 1 0 0 1  174
1 1 1 1 1 0 0 0  175
1 1 1 0 1 0 0 0  176
1 1 1 0 1 0 0 1  177
1 1 1 0 1 0 1 1  178
1 1 1 0 1 0 1 0  179
1 1 1 0 1 1 1 0  180
1 1 1 0 1 1 1 1  181
1 1 1 0 1 1 0 1  182
1 1 1 0 1 1 0 0  183
1 1 1 0 0 1 0 0  184
1 1 1 0 0 1 0 1  185
1 1 1 0 0 1 1 1  186
1 1 1 0 0 1 1 0  187
1 1 1 0 0 0 1 0  188
1 1 1 0 0 0 1 1  189
1 1 1 0 0 0 0 1  190
1 1 1 0 0 0 0 0  191
1 0 1 0 0 0 0 0  192
1 0 1 0 0 0 0 1  193
1 0 1 0 0 0 1 1  194
1 0 1 0 0 0 1 0  195
1 0 1 0 0 1 1 0  196
1 0 1 0 0 1 1 1  197
1 0 1 0 0 1 0 1  198
1 0 1 0 0 1 0 0  199
1 0 1 0 1 1 0 0  200
1 0 1 0 1 1 0 1  201
1 0 1 0 1 1 1 1  202
1 0 1 0 1 1 1 0  203
1 0 1 0 1 0 1 0  204
1 0 1 0 1 0 1 1  205
1 0 1 0 1 0 0 1  206
1 0 1 0 1 0 0 0  207
1 0 1 1 1 0 0 0  208
1 0 1 1 1 0 0 1  209
1 0 1 1 1 0 1 1  210
1 0 1 1 1 0 1 0  211
1 0 1 1 1 1 1 0  212
1 0 1 1 1 1 1 1  213
1 0 1 1 1 1 0 1  214
1 0 1 1 1 1 0 0  215
1 0 1 1 0 1 0 0  216
1 0 1 1 0 1 0 1  217
1 0 1 1 0 1 1 1  218
1 0 1 1 0 1 1 0  219
1 0 1 1 0 0 1 0  220
1 0 1 1 0 0 1 1  221
1 0 1 1 0 0 0 1  222
1 0 1 1 0 0 0 0  223
1 0 0 1 0 0 0 0  224
1 0 0 1 0 0 0 1  225
1 0 0 1 0 0 1 1  226
1 0 0 1 0 0 1 0  227
1 0 0 1 0 1 1 0  228
1 0 0 1 0 1 1 1  229
1 0 0 1 0 1 0 1  230
1 0 0 1 0 1 0 0  231
1 0 0 1 1 1 0 0  232
1 0 0 1 1 1 0 1  233
1 0 0 1 1 1 1 1  234
1 0 0 1 1 1 1 0  235
1 0 0 1 1 0 1 0  236
1 0 0 1 1 0 1 1  237
1 0 0 1 1 0 0 1  238
1 0 0 1 1 0 0 0  239
1 0 0 0 1 0 0 0  240
1 0 0 0 1 0 0 1  241
1 0 0 0 1 0 1 1  242
1 0 0 0 1 0 1 0  243
1 0 0 0 1 1 1 0  244
1 0 0 0 1 1 1 1  245
1 0 0 0 1 1 0 1  246
1 0 0 0 1 1 0 0  247
1 0 0 0 0 1 0 0  248
1 0 0 0 0 1 0 1  249
1 0 0 0 0 1 1 1  250
1 0 0 0 0 1 1 0  251
1 0 0 0 0 0 1 0  252
1 0 0 0 0 0 1 1  253
1 0 0 0 0 0 0 1  254
1 0 0 0 0 0 0 0  255
